<?xml version="1.0" encoding="UTF-8"?>
<!-- Generated by org.testng.reporters.JUnitReportReporter -->
<testsuite hostname="inlen8520040228" failures="0" tests="3" name="com.DemoHybridFramework.qa.testCases.SearchTest" time="21.391" errors="0" timestamp="2024-05-20T18:57:26 IST" skipped="0">
  <testcase classname="com.DemoHybridFramework.qa.testCases.SearchTest" name="verifySearchWithValidProduct" time="5.542"/>
  <testcase classname="com.DemoHybridFramework.qa.testCases.SearchTest" name="verifySearchWithInValidProduct" time="5.574"/>
  <testcase classname="com.DemoHybridFramework.qa.testCases.SearchTest" name="verifySearchWithoutAnyProduct" time="10.275"/>
</testsuite> <!-- com.DemoHybridFramework.qa.testCases.SearchTest -->
