<?xml version="1.0" encoding="UTF-8"?>
<!-- Generated by org.testng.reporters.JUnitReportReporter -->
<testsuite hostname="inlen8520040228" failures="0" tests="5" name="com.DemoHybridFramework.qa.testCases.LoginTest" time="31.747" errors="0" timestamp="2024-05-20T18:57:26 IST" skipped="0">
  <testcase classname="com.DemoHybridFramework.qa.testCases.LoginTest" name="verifyLoginWithValidCredentials" time="6.446"/>
  <testcase classname="com.DemoHybridFramework.qa.testCases.LoginTest" name="verifyLoginWithInValidCredentials" time="6.312"/>
  <testcase classname="com.DemoHybridFramework.qa.testCases.LoginTest" name="verifyLoginWithInValidEmailAndValidPassword" time="6.353"/>
  <testcase classname="com.DemoHybridFramework.qa.testCases.LoginTest" name="verifyLoginWithValidEmailAndValidPassword" time="6.680"/>
  <testcase classname="com.DemoHybridFramework.qa.testCases.LoginTest" name="verifyLogWithoutProvidingCredentials" time="5.956"/>
</testsuite> <!-- com.DemoHybridFramework.qa.testCases.LoginTest -->
