<?xml version="1.0" encoding="UTF-8"?>
<!-- Generated by org.testng.reporters.JUnitReportReporter -->
<testsuite hostname="inlen8520040228" failures="0" tests="3" name="com.DemoHybridFramework.qa.testCases.LoginTest_DDT" time="19.815" errors="0" timestamp="2024-05-20T18:57:26 IST" skipped="0">
  <testcase classname="com.DemoHybridFramework.qa.testCases.LoginTest_DDT" name="Login_valid_DDT" time="6.436"/>
  <testcase classname="com.DemoHybridFramework.qa.testCases.LoginTest_DDT" name="Login_valid_DDT" time="6.703"/>
  <testcase classname="com.DemoHybridFramework.qa.testCases.LoginTest_DDT" name="Login_valid_DDT" time="6.676"/>
</testsuite> <!-- com.DemoHybridFramework.qa.testCases.LoginTest_DDT -->
