<?xml version="1.0" encoding="UTF-8"?>
<!-- Generated by org.testng.reporters.JUnitReportReporter -->
<testsuite hostname="inlen8520040228" failures="0" tests="2" name="com.DemoHybridFramework.qa.testCases.LoginTest_DDT2" time="38.950" errors="0" timestamp="2024-05-20T19:46:34 IST" skipped="0">
  <testcase classname="com.DemoHybridFramework.qa.testCases.LoginTest_DDT2" name="Login_valid_invalid_DDT" time="19.136"/>
  <testcase classname="com.DemoHybridFramework.qa.testCases.LoginTest_DDT2" name="Login_valid_invalid_DDT" time="19.814"/>
</testsuite> <!-- com.DemoHybridFramework.qa.testCases.LoginTest_DDT2 -->
