<?xml version="1.0" encoding="UTF-8"?>
<!-- Generated by org.testng.reporters.JUnitReportReporter -->
<testsuite hostname="inlen8520040228" failures="0" tests="3" name="com.DemoHybridFramework.qa.testCases.LoginTest_DDT" time="19.878" errors="0" timestamp="2024-05-21T22:29:53 IST" skipped="0">
  <testcase classname="com.DemoHybridFramework.qa.testCases.LoginTest_DDT" name="Login_valid_DDT" time="6.101"/>
  <testcase classname="com.DemoHybridFramework.qa.testCases.LoginTest_DDT" name="Login_valid_DDT" time="6.217"/>
  <testcase classname="com.DemoHybridFramework.qa.testCases.LoginTest_DDT" name="Login_valid_DDT" time="7.560"/>
</testsuite> <!-- com.DemoHybridFramework.qa.testCases.LoginTest_DDT -->
