<?xml version="1.0" encoding="UTF-8"?>
<!-- Generated by org.testng.reporters.JUnitReportReporter -->
<testsuite hostname="inlen8520040228" failures="0" tests="2" name="com.DemoHybridFramework.qa.testCases.LoginTest_DDT2" time="33.930" errors="0" timestamp="2024-05-21T22:29:53 IST" skipped="0">
  <testcase classname="com.DemoHybridFramework.qa.testCases.LoginTest_DDT2" name="Login_valid_invalid_DDT" time="16.744"/>
  <testcase classname="com.DemoHybridFramework.qa.testCases.LoginTest_DDT2" name="Login_valid_invalid_DDT" time="17.186"/>
</testsuite> <!-- com.DemoHybridFramework.qa.testCases.LoginTest_DDT2 -->
