<?xml version="1.0" encoding="UTF-8"?>
<!-- Generated by org.testng.reporters.JUnitReportReporter -->
<testsuite hostname="inlen8520040228" failures="0" tests="3" name="com.DemoHybridFramework.qa.testCases.SearchTest" time="17.420" errors="0" timestamp="2024-05-21T22:29:53 IST" skipped="0">
  <testcase classname="com.DemoHybridFramework.qa.testCases.SearchTest" name="verifySearchWithValidProduct" time="5.621"/>
  <testcase classname="com.DemoHybridFramework.qa.testCases.SearchTest" name="verifySearchWithInValidProduct" time="5.414"/>
  <testcase classname="com.DemoHybridFramework.qa.testCases.SearchTest" name="verifySearchWithoutAnyProduct" time="6.385"/>
</testsuite> <!-- com.DemoHybridFramework.qa.testCases.SearchTest -->
