<?xml version="1.0" encoding="UTF-8"?>
<!-- Generated by org.testng.reporters.JUnitReportReporter -->
<testsuite hostname="inlen8520040228" failures="0" tests="5" name="com.DemoHybridFramework.qa.testCases.LoginTest" time="32.233" errors="0" timestamp="2024-05-21T22:29:53 IST" skipped="0">
  <testcase classname="com.DemoHybridFramework.qa.testCases.LoginTest" name="verifyLoginWithValidCredentials" time="6.084"/>
  <testcase classname="com.DemoHybridFramework.qa.testCases.LoginTest" name="verifyLoginWithInValidCredentials" time="6.172"/>
  <testcase classname="com.DemoHybridFramework.qa.testCases.LoginTest" name="verifyLoginWithInValidEmailAndValidPassword" time="7.377"/>
  <testcase classname="com.DemoHybridFramework.qa.testCases.LoginTest" name="verifyLoginWithValidEmailAndValidPassword" time="6.111"/>
  <testcase classname="com.DemoHybridFramework.qa.testCases.LoginTest" name="verifyLogWithoutProvidingCredentials" time="6.489"/>
</testsuite> <!-- com.DemoHybridFramework.qa.testCases.LoginTest -->
