<?xml version="1.0" encoding="UTF-8"?>
<!-- Generated by org.testng.reporters.JUnitReportReporter -->
<testsuite skipped="4" hostname="inlen8520040228" name="com.DemoHybridFramework.qa.testCases.RegisterTest" tests="5" failures="0" timestamp="2024-05-23T16:24:53 IST" time="0.400" errors="1">
  <testcase name="verifyRegisteringAccountWithMandatoryFields" time="0.000" classname="com.DemoHybridFramework.qa.testCases.RegisterTest">
    <skipped/>
  </testcase> <!-- verifyRegisteringAccountWithMandatoryFields -->
  <system-out/>
  <testcase name="setUp" time="0.400" classname="com.DemoHybridFramework.qa.testCases.RegisterTest">
    <error type="java.lang.NullPointerException">
      <![CDATA[java.lang.NullPointerException
at com.DemoHybridFramework.qa.baseTest.BaseTest.initializeBrowserAndOpenApplicationURL(BaseTest.java:67)
at com.DemoHybridFramework.qa.testCases.RegisterTest.setUp(RegisterTest.java:28)
at sun.reflect.NativeMethodAccessorImpl.invoke0(Native Method)
at sun.reflect.NativeMethodAccessorImpl.invoke(NativeMethodAccessorImpl.java:62)
at sun.reflect.DelegatingMethodAccessorImpl.invoke(DelegatingMethodAccessorImpl.java:43)
at java.lang.reflect.Method.invoke(Method.java:498)
at org.testng.internal.MethodInvocationHelper.invokeMethod(MethodInvocationHelper.java:134)
at org.testng.internal.MethodInvocationHelper.invokeMethodConsideringTimeout(MethodInvocationHelper.java:63)
at org.testng.internal.ConfigInvoker.invokeConfigurationMethod(ConfigInvoker.java:348)
at org.testng.internal.ConfigInvoker.invokeConfigurations(ConfigInvoker.java:302)
at org.testng.internal.TestInvoker.runConfigMethods(TestInvoker.java:695)
at org.testng.internal.TestInvoker.invokeMethod(TestInvoker.java:523)
at org.testng.internal.TestInvoker.invokeTestMethod(TestInvoker.java:173)
at org.testng.internal.MethodRunner.runInSequence(MethodRunner.java:46)
at org.testng.internal.TestInvoker$MethodInvocationAgent.invoke(TestInvoker.java:816)
at org.testng.internal.TestInvoker.invokeTestMethods(TestInvoker.java:146)
at org.testng.internal.TestMethodWorker.invokeTestMethods(TestMethodWorker.java:146)
at org.testng.internal.TestMethodWorker.run(TestMethodWorker.java:128)
at java.util.ArrayList.forEach(ArrayList.java:1257)
at org.testng.TestRunner.privateRun(TestRunner.java:766)
at org.testng.TestRunner.run(TestRunner.java:587)
at org.testng.SuiteRunner.runTest(SuiteRunner.java:384)
at org.testng.SuiteRunner.runSequentially(SuiteRunner.java:378)
at org.testng.SuiteRunner.privateRun(SuiteRunner.java:337)
at org.testng.SuiteRunner.run(SuiteRunner.java:286)
at org.testng.SuiteRunnerWorker.runSuite(SuiteRunnerWorker.java:53)
at org.testng.SuiteRunnerWorker.run(SuiteRunnerWorker.java:96)
at org.testng.TestNG.runSuitesSequentially(TestNG.java:1187)
at org.testng.TestNG.runSuitesLocally(TestNG.java:1109)
at org.testng.TestNG.runSuites(TestNG.java:1039)
at org.testng.TestNG.run(TestNG.java:1007)
at org.apache.maven.surefire.testng.TestNGExecutor.run(TestNGExecutor.java:308)
at org.apache.maven.surefire.testng.TestNGXmlTestSuite.execute(TestNGXmlTestSuite.java:71)
at org.apache.maven.surefire.testng.TestNGProvider.invoke(TestNGProvider.java:113)
at org.apache.maven.surefire.booter.ForkedBooter.runSuitesInProcess(ForkedBooter.java:385)
at org.apache.maven.surefire.booter.ForkedBooter.execute(ForkedBooter.java:162)
at org.apache.maven.surefire.booter.ForkedBooter.run(ForkedBooter.java:507)
at org.apache.maven.surefire.booter.ForkedBooter.main(ForkedBooter.java:495)
]]>
    </error>
  </testcase> <!-- setUp -->
  <system-out/>
  <testcase name="verifyRegisterAccountByProvidingAllFields" time="0.000" classname="com.DemoHybridFramework.qa.testCases.RegisterTest">
    <skipped/>
  </testcase> <!-- verifyRegisterAccountByProvidingAllFields -->
  <system-out/>
  <testcase name="VerifyRegisteringAccountWithExistingEamilAddress" time="0.000" classname="com.DemoHybridFramework.qa.testCases.RegisterTest">
    <skipped/>
  </testcase> <!-- VerifyRegisteringAccountWithExistingEamilAddress -->
  <system-out/>
  <testcase name="VerifyRegisteringAccountWithoutFillingAnydetails" time="0.000" classname="com.DemoHybridFramework.qa.testCases.RegisterTest">
    <skipped/>
  </testcase> <!-- VerifyRegisteringAccountWithoutFillingAnydetails -->
  <system-out/>
</testsuite> <!-- com.DemoHybridFramework.qa.testCases.RegisterTest -->
